=================================
Tests for say_my_name function
=================================

>>> say_my_name = __import__("3-say_my_name").say_my_name

Test with both first and last name
>>> say_my_name("John", "Smith")
My name is John Smith

Test with another full name
>>> say_my_name("Walter", "White")
My name is Walter White

Test with only first name (last name defaults to empty string)
>>> say_my_name("Bob")
My name is Bob 

Test with empty strings
>>> say_my_name("", "")
My name is 

Test with only spaces
>>> say_my_name(" ", " ")
My name is   

Test with long names
>>> say_my_name("Christopher", "Montgomery")
My name is Christopher Montgomery

Test TypeError: first_name is an integer
>>> say_my_name(12, "White")
Traceback (most recent call last):
TypeError: first_name must be a string

Test TypeError: first_name is None
>>> say_my_name(None, "Smith")
Traceback (most recent call last):
TypeError: first_name must be a string

Test TypeError: first_name is a list
>>> say_my_name(["John"], "Smith")
Traceback (most recent call last):
TypeError: first_name must be a string

Test TypeError: last_name is an integer
>>> say_my_name("John", 12)
Traceback (most recent call last):
TypeError: last_name must be a string

Test TypeError: last_name is None
>>> say_my_name("John", None)
Traceback (most recent call last):
TypeError: last_name must be a string

Test TypeError: last_name is a float
>>> say_my_name("John", 3.14)
Traceback (most recent call last):
TypeError: last_name must be a string

Test TypeError: both are integers
>>> say_my_name(123, 456)
Traceback (most recent call last):
TypeError: first_name must be a string

Test TypeError: first_name is a boolean
>>> say_my_name(True, "Smith")
Traceback (most recent call last):
TypeError: first_name must be a string

Test with special characters
>>> say_my_name("Jean-Paul", "O'Brien")
My name is Jean-Paul O'Brien

Test with numbers as strings
>>> say_my_name("007", "Bond")
My name is 007 Bond

Test missing argument
>>> say_my_name()
Traceback (most recent call last):
TypeError: say_my_name() missing 1 required positional argument: 'first_name'

Test with newline in name
>>> say_my_name("John\n", "Smith")
My name is John
 Smith

Test TypeError: dict as first_name
>>> say_my_name({"name": "John"}, "Smith")
Traceback (most recent call last):
TypeError: first_name must be a string

Test with empty first name
>>> say_my_name("", "Smith")
My name is  Smith
