=================================
Tests for print_square function
=================================

>>> print_square = __import__('4-print_square').print_square

Test with size 4
>>> print_square(4)
####
####
####
####

Test with size 10
>>> print_square(10)
##########
##########
##########
##########
##########
##########
##########
##########
##########
##########

Test with size 0 (empty square)
>>> print_square(0)

Test with size 1
>>> print_square(1)
#

Test with size 2
>>> print_square(2)
##
##

Test with size 3
>>> print_square(3)
###
###
###

Test ValueError: negative size
>>> print_square(-1)
Traceback (most recent call last):
ValueError: size must be >= 0

Test ValueError: negative size -5
>>> print_square(-5)
Traceback (most recent call last):
ValueError: size must be >= 0

Test TypeError: size is a float
>>> print_square(3.5)
Traceback (most recent call last):
TypeError: size must be an integer

Test TypeError: size is a negative float
>>> print_square(-3.5)
Traceback (most recent call last):
TypeError: size must be an integer

Test TypeError: size is a string
>>> print_square("5")
Traceback (most recent call last):
TypeError: size must be an integer

Test TypeError: size is None
>>> print_square(None)
Traceback (most recent call last):
TypeError: size must be an integer

Test TypeError: size is a list
>>> print_square([5])
Traceback (most recent call last):
TypeError: size must be an integer

Test TypeError: size is a tuple
>>> print_square((5,))
Traceback (most recent call last):
TypeError: size must be an integer

Test TypeError: size is a dict
>>> print_square({"size": 5})
Traceback (most recent call last):
TypeError: size must be an integer

Test TypeError: boolean True
>>> print_square(True)
Traceback (most recent call last):
TypeError: size must be an integer

Test TypeError: boolean False
>>> print_square(False)
Traceback (most recent call last):
TypeError: size must be an integer

Test missing argument
>>> print_square()
Traceback (most recent call last):
TypeError: print_square() missing 1 required positional argument: 'size'

Test with large size
>>> print_square(5)
#####
#####
#####
#####
#####

Test TypeError: float zero
>>> print_square(0.0)
Traceback (most recent call last):
TypeError: size must be an integer

Test TypeError: positive float
>>> print_square(5.5)
Traceback (most recent call last):
TypeError: size must be an integer
